2023-05-29 14:48:08,616 [INFO] Activator:176 - 


2023-05-29 14:48:08,616 [INFO] Activator:177 - !SESSION log4j initialized
2023-05-29 14:48:12,476 [INFO] LogOutputStream:77 - [STDOUT_REDIRECT] 
2023-05-29 14:48:42,265 [ERROR] LogOutputStream:75 - [STDERR_REDIRECT] SLF4J: Failed to load class "org.slf4j.impl.StaticLoggerBinder".
2023-05-29 14:48:42,265 [ERROR] LogOutputStream:75 - [STDERR_REDIRECT] SLF4J: Defaulting to no-operation (NOP) logger implementation
2023-05-29 14:48:42,271 [ERROR] LogOutputStream:75 - [STDERR_REDIRECT] SLF4J: See http://www.slf4j.org/codes.html#StaticLoggerBinder for further details.
2023-05-29 14:51:22,286 [INFO] ApplicationProperties:184 - Using Application install path: C:\ST\STM32CubeIDE_1.12.0\STM32CubeIDE\plugins\com.st.stm32cube.common.mx_6.8.1.202304191431
2023-05-29 14:51:22,317 [INFO] DbMcusXml:78 - Set database path to: C:\ST\STM32CubeIDE_1.12.0\STM32CubeIDE\plugins\com.st.stm32cube.common.mx_6.8.1.202304191431\\db\/mcu/
2023-05-29 14:51:22,320 [INFO] ApiDb:274 - Set plugin database path to: C:\ST\STM32CubeIDE_1.12.0\STM32CubeIDE\plugins\com.st.stm32cube.common.mx_6.8.1.202304191431\\db\/plugins/boardmanager/
2023-05-29 14:51:22,320 [WARN] ApiDb:259 - Overriding images path with different value:  => C:\ST\STM32CubeIDE_1.12.0\STM32CubeIDE\plugins\com.st.stm32cube.common.mx_6.8.1.202304191431\\db\/plugins/mcufinder/images/
2023-05-29 14:51:22,339 [INFO] ApiDb:250 - Set database path to: C:\Users\hr193\.stmcufinder\plugins\mcufinder//mcu/
2023-05-29 14:51:22,351 [INFO] DbMcusAds:125 - Set database path to: C:\Users\hr193\.stmcufinder\plugins\mcufinder//mcu/
2023-05-29 14:51:22,358 [INFO] CrossReferenceDbSqlite:203 - Set database path to: C:\Users\hr193\.stmcufinder\plugins\mcufinder//mcu/cs/
2023-05-29 14:51:22,502 [INFO] RulesReader:64 - Compatibility file has been processed (293 Rules)
2023-05-29 14:51:22,596 [INFO] DbMcusXml:78 - Set database path to: C:\ST\STM32CubeIDE_1.12.0\STM32CubeIDE\plugins\com.st.stm32cube.common.mx_6.8.1.202304191431\\db\/mcu/
2023-05-29 14:51:22,596 [INFO] ApiDb:274 - Set plugin database path to: C:\ST\STM32CubeIDE_1.12.0\STM32CubeIDE\plugins\com.st.stm32cube.common.mx_6.8.1.202304191431\\db\/plugins/boardmanager/
2023-05-29 14:51:22,596 [INFO] ApiDb:261 - Set plugin images path to: C:\ST\STM32CubeIDE_1.12.0\STM32CubeIDE\plugins\com.st.stm32cube.common.mx_6.8.1.202304191431\\db\/plugins/mcufinder/images/
2023-05-29 14:51:22,596 [WARN] DbFile:41 - Overriding database path with different value: C:\Users\hr193\.stmcufinder\plugins\mcufinder/ => C:\Users\hr193\.stmcufinder\plugins\mcufinder
2023-05-29 14:51:22,596 [INFO] ApiDb:250 - Set database path to: C:\Users\hr193\.stmcufinder\plugins\mcufinder//mcu/
2023-05-29 14:51:22,596 [WARN] DbFile:41 - Overriding database path with different value: C:\Users\hr193\.stmcufinder\plugins\mcufinder/ => C:\Users\hr193\.stmcufinder\plugins\mcufinder
2023-05-29 14:51:22,596 [INFO] DbMcusAds:125 - Set database path to: C:\Users\hr193\.stmcufinder\plugins\mcufinder//mcu/
2023-05-29 14:51:22,596 [WARN] DbFile:41 - Overriding database path with different value: C:\Users\hr193\.stmcufinder\plugins\mcufinder/ => C:\Users\hr193\.stmcufinder\plugins\mcufinder
2023-05-29 14:51:22,596 [WARN] DbFile:41 - Overriding database path with different value: C:\Users\hr193\.stmcufinder\plugins\mcufinder/ => C:\Users\hr193\.stmcufinder\plugins\mcufinder
2023-05-29 14:51:22,596 [INFO] CrossReferenceDbSqlite:203 - Set database path to: C:\Users\hr193\.stmcufinder\plugins\mcufinder//mcu/cs/
2023-05-29 14:51:22,698 [INFO] MainPanel:253 - HeapMemory: 424673280
2023-05-29 14:51:22,816 [INFO] DbMcusXml:78 - Set database path to: C:\ST\STM32CubeIDE_1.12.0\STM32CubeIDE\plugins\com.st.stm32cube.common.mx_6.8.1.202304191431\\db\/mcu/
2023-05-29 14:51:22,816 [INFO] ApiDb:274 - Set plugin database path to: C:\ST\STM32CubeIDE_1.12.0\STM32CubeIDE\plugins\com.st.stm32cube.common.mx_6.8.1.202304191431\\db\/plugins/boardmanager/
2023-05-29 14:51:22,816 [INFO] ApiDb:261 - Set plugin images path to: C:\ST\STM32CubeIDE_1.12.0\STM32CubeIDE\plugins\com.st.stm32cube.common.mx_6.8.1.202304191431\\db\/plugins/mcufinder/images/
2023-05-29 14:51:22,816 [WARN] DbFile:41 - Overriding database path with different value: C:\Users\hr193\.stmcufinder\plugins\mcufinder/ => C:\Users\hr193\.stmcufinder\plugins\mcufinder
2023-05-29 14:51:22,816 [INFO] ApiDb:250 - Set database path to: C:\Users\hr193\.stmcufinder\plugins\mcufinder//mcu/
2023-05-29 14:51:22,816 [WARN] DbFile:41 - Overriding database path with different value: C:\Users\hr193\.stmcufinder\plugins\mcufinder/ => C:\Users\hr193\.stmcufinder\plugins\mcufinder
2023-05-29 14:51:22,816 [INFO] DbMcusAds:125 - Set database path to: C:\Users\hr193\.stmcufinder\plugins\mcufinder//mcu/
2023-05-29 14:51:22,816 [WARN] DbFile:41 - Overriding database path with different value: C:\Users\hr193\.stmcufinder\plugins\mcufinder/ => C:\Users\hr193\.stmcufinder\plugins\mcufinder
2023-05-29 14:51:22,816 [WARN] DbFile:41 - Overriding database path with different value: C:\Users\hr193\.stmcufinder\plugins\mcufinder/ => C:\Users\hr193\.stmcufinder\plugins\mcufinder
2023-05-29 14:51:22,816 [INFO] CrossReferenceDbSqlite:203 - Set database path to: C:\Users\hr193\.stmcufinder\plugins\mcufinder//mcu/cs/
2023-05-29 14:51:22,848 [INFO] ApplicationProperties:184 - Using Application install path: C:\ST\STM32CubeIDE_1.12.0\STM32CubeIDE\plugins\com.st.stm32cube.common.mx_6.8.1.202304191431
2023-05-29 14:51:22,850 [INFO] PluginManage:196 - Search for loadable plugins [exclusion list=, ]
2023-05-29 14:51:22,850 [INFO] PluginManage:310 - Check plugin analytics
2023-05-29 14:51:23,047 [INFO] AnalyticsPlugin:253 - Accepted Software Licenses: 
2023-05-29 14:51:23,047 [INFO] AnalyticsPlugin:255 - Accepted CMSIS Pack Licenses: 
2023-05-29 14:51:23,047 [INFO] AnalyticsPlugin:257 - Accepted Firmware Licenses: 
2023-05-29 14:51:23,063 [INFO] PluginManage:359 - Loaded plugin analytics (category:tool,tabindex:-1)
2023-05-29 14:51:23,063 [INFO] PluginManage:310 - Check plugin cadmodel
2023-05-29 14:51:23,080 [INFO] CADModel:105 - Init CAD model plugin
2023-05-29 14:51:23,080 [INFO] PluginManage:359 - Loaded plugin cadmodel (category:power,tabindex:5)
2023-05-29 14:51:23,080 [INFO] PluginManage:310 - Check plugin clock
2023-05-29 14:51:23,108 [INFO] PluginManage:359 - Loaded plugin clock (category:base,tabindex:2)
2023-05-29 14:51:23,108 [INFO] PluginManage:310 - Check plugin ddr
2023-05-29 14:51:23,111 [INFO] PluginManage:359 - Loaded plugin ddr (category:tool,tabindex:6)
2023-05-29 14:51:23,111 [INFO] PluginManage:310 - Check plugin filemanager
2023-05-29 14:51:23,275 [INFO] PluginManage:359 - Loaded plugin filemanager (category:base,tabindex:10)
2023-05-29 14:51:23,275 [INFO] PluginManage:310 - Check plugin ipmanager
2023-05-29 14:51:23,284 [INFO] PluginManage:359 - Loaded plugin ipmanager (category:base,tabindex:5)
2023-05-29 14:51:23,284 [INFO] PluginManage:310 - Check plugin lpbam
2023-05-29 14:51:23,300 [INFO] PluginManage:359 - Loaded plugin lpbam (category:base,tabindex:0)
2023-05-29 14:51:23,300 [INFO] PluginManage:310 - Check plugin pinoutandconfiguration
2023-05-29 14:51:23,326 [INFO] PluginManage:359 - Loaded plugin pinoutandconfiguration (category:base,tabindex:1)
2023-05-29 14:51:23,326 [INFO] PluginManage:310 - Check plugin pinoutconfig
2023-05-29 14:51:23,458 [WARN] SupportedApi:132 - Cannot load RTOS API schema: s4s-elt-must-match.1: The content of 'definitions' must match (annotation?, (simpleType | complexType)?, (unique | key | keyref)*)). A problem was found starting at: attribute.
2023-05-29 14:51:23,639 [INFO] PluginManage:359 - Loaded plugin pinoutconfig (category:base,tabindex:0)
2023-05-29 14:51:23,639 [INFO] PluginManage:310 - Check plugin power
2023-05-29 14:51:23,665 [INFO] PluginManage:359 - Loaded plugin power (category:power,tabindex:4)
2023-05-29 14:51:23,669 [INFO] PluginManage:310 - Check plugin projectmanager
2023-05-29 14:51:23,707 [INFO] PluginManage:359 - Loaded plugin projectmanager (category:projectmanager,tabindex:3)
2023-05-29 14:51:23,708 [INFO] PluginManage:310 - Check plugin thirdparty
2023-05-29 14:51:24,034 [INFO] PluginManage:359 - Loaded plugin thirdparty (category:base,tabindex:-1)
2023-05-29 14:51:24,034 [WARN] IntegrityCheckThread:84 - waiting for thirdparty lock release [integrity check]
2023-05-29 14:51:24,034 [INFO] PluginManage:310 - Check plugin tools
2023-05-29 14:51:24,034 [INFO] IntegrityCheckThread:86 - entering critical section [integrity check]
2023-05-29 14:51:24,042 [INFO] ThirdPartyUpdaterWithRetryManager:70 - Updater plugin not ready yet. [1/15]
2023-05-29 14:51:24,059 [INFO] PluginManage:359 - Loaded plugin tools (category:base,tabindex:7)
2023-05-29 14:51:24,059 [INFO] PluginManage:310 - Check plugin tutovideos
2023-05-29 14:51:24,374 [INFO] PluginManage:359 - Loaded plugin tutovideos (category:base,tabindex:-1)
2023-05-29 14:51:24,374 [INFO] PluginManage:310 - Check plugin updater
2023-05-29 14:51:24,398 [INFO] PluginManage:359 - Loaded plugin updater (category:base,tabindex:12)
2023-05-29 14:51:24,398 [INFO] PluginManage:283 - PluginManage : Loaded plugins [15]
2023-05-29 14:51:24,726 [INFO] PinOutPanel:1499 - setPackage(No Configuration,No Configuration)
2023-05-29 14:51:24,819 [INFO] CADModel:165 - CPN selected for project level
2023-05-29 14:51:24,819 [INFO] CADModel:114 - Register for checkConnection events
2023-05-29 14:51:24,850 [INFO] IPUIPlugin:80 - create IPUIPlugin
2023-05-29 14:51:24,850 [INFO] PluginManager:220 - loadIPPluginJar : add adc
2023-05-29 14:51:24,883 [INFO] IPUIPlugin:80 - create IPUIPlugin
2023-05-29 14:51:24,883 [INFO] PluginManager:220 - loadIPPluginJar : add aes
2023-05-29 14:51:24,914 [INFO] IPUIPlugin:80 - create IPUIPlugin
2023-05-29 14:51:24,914 [INFO] PluginManager:220 - loadIPPluginJar : add can
2023-05-29 14:51:24,945 [INFO] IPUIPlugin:80 - create IPUIPlugin
2023-05-29 14:51:24,945 [INFO] PluginManager:220 - loadIPPluginJar : add comp
2023-05-29 14:51:24,977 [INFO] IPUIPlugin:80 - create IPUIPlugin
2023-05-29 14:51:24,977 [INFO] PluginManager:220 - loadIPPluginJar : add cryp
2023-05-29 14:51:24,997 [INFO] IPUIPlugin:80 - create IPUIPlugin
2023-05-29 14:51:24,997 [INFO] PluginManager:220 - loadIPPluginJar : add dfsdm
2023-05-29 14:51:25,007 [INFO] IPUIPlugin:80 - create IPUIPlugin
2023-05-29 14:51:25,007 [INFO] PluginManager:220 - loadIPPluginJar : add dma
2023-05-29 14:51:25,056 [INFO] IPUIPlugin:80 - create IPUIPlugin
2023-05-29 14:51:25,056 [INFO] PluginManager:220 - loadIPPluginJar : add dma3
2023-05-29 14:51:25,087 [INFO] IPUIPlugin:80 - create IPUIPlugin
2023-05-29 14:51:25,087 [INFO] PluginManager:220 - loadIPPluginJar : add fatfs
2023-05-29 14:51:25,135 [INFO] IPUIPlugin:80 - create IPUIPlugin
2023-05-29 14:51:25,135 [INFO] PluginManager:220 - loadIPPluginJar : add fmc
2023-05-29 14:51:25,150 [INFO] IPUIPlugin:80 - create IPUIPlugin
2023-05-29 14:51:25,150 [INFO] PluginManager:220 - loadIPPluginJar : add freertos
2023-05-29 14:51:25,165 [INFO] IPUIPlugin:80 - create IPUIPlugin
2023-05-29 14:51:25,165 [INFO] PluginManager:220 - loadIPPluginJar : add genericplugin
2023-05-29 14:51:25,260 [INFO] IPUIPlugin:80 - create IPUIPlugin
2023-05-29 14:51:25,260 [INFO] PluginManager:220 - loadIPPluginJar : add gfxmmu
2023-05-29 14:51:25,397 [INFO] IPUIPlugin:80 - create IPUIPlugin
2023-05-29 14:51:25,397 [INFO] PluginManager:220 - loadIPPluginJar : add gic
2023-05-29 14:51:25,404 [INFO] IPUIPlugin:80 - create IPUIPlugin
2023-05-29 14:51:25,404 [INFO] PluginManager:220 - loadIPPluginJar : add gpio
2023-05-29 14:51:25,499 [INFO] IPUIPlugin:80 - create IPUIPlugin
2023-05-29 14:51:25,499 [INFO] PluginManager:220 - loadIPPluginJar : add gtzc
2023-05-29 14:51:25,513 [INFO] IPUIPlugin:80 - create IPUIPlugin
2023-05-29 14:51:25,513 [INFO] PluginManager:220 - loadIPPluginJar : add hash
2023-05-29 14:51:25,560 [INFO] IPUIPlugin:80 - create IPUIPlugin
2023-05-29 14:51:25,560 [INFO] PluginManager:220 - loadIPPluginJar : add i2c
2023-05-29 14:51:25,608 [INFO] IPUIPlugin:80 - create IPUIPlugin
2023-05-29 14:51:25,608 [INFO] PluginManager:220 - loadIPPluginJar : add i2s
2023-05-29 14:51:25,639 [INFO] IPUIPlugin:80 - create IPUIPlugin
2023-05-29 14:51:25,639 [INFO] PluginManager:220 - loadIPPluginJar : add i3c
2023-05-29 14:51:25,752 [INFO] IPUIPlugin:80 - create IPUIPlugin
2023-05-29 14:51:25,752 [INFO] PluginManager:220 - loadIPPluginJar : add ipddr
2023-05-29 14:51:25,848 [INFO] IPUIPlugin:80 - create IPUIPlugin
2023-05-29 14:51:25,848 [INFO] PluginManager:220 - loadIPPluginJar : add linkedlist
2023-05-29 14:51:25,877 [INFO] IPUIPlugin:80 - create IPUIPlugin
2023-05-29 14:51:25,877 [INFO] PluginManager:220 - loadIPPluginJar : add lorawan
2023-05-29 14:51:25,909 [INFO] IPUIPlugin:80 - create IPUIPlugin
2023-05-29 14:51:25,909 [INFO] PluginManager:220 - loadIPPluginJar : add ltdc
2023-05-29 14:51:25,928 [INFO] IPUIPlugin:80 - create IPUIPlugin
2023-05-29 14:51:25,928 [INFO] PluginManager:220 - loadIPPluginJar : add mdma
2023-05-29 14:51:25,942 [INFO] IPUIPlugin:80 - create IPUIPlugin
2023-05-29 14:51:25,942 [INFO] PluginManager:220 - loadIPPluginJar : add nvic
2023-05-29 14:51:25,971 [INFO] IPUIPlugin:80 - create IPUIPlugin
2023-05-29 14:51:25,971 [INFO] PluginManager:220 - loadIPPluginJar : add opamp
2023-05-29 14:51:26,034 [INFO] IPUIPlugin:80 - create IPUIPlugin
2023-05-29 14:51:26,034 [INFO] PluginManager:220 - loadIPPluginJar : add openamp
2023-05-29 14:51:26,065 [INFO] IPUIPlugin:80 - create IPUIPlugin
2023-05-29 14:51:26,065 [INFO] PluginManager:220 - loadIPPluginJar : add pdm2pcm
2023-05-29 14:51:26,081 [INFO] IPUIPlugin:80 - create IPUIPlugin
2023-05-29 14:51:26,098 [INFO] PluginManager:220 - loadIPPluginJar : add plateformsettings
2023-05-29 14:51:26,112 [INFO] IPUIPlugin:80 - create IPUIPlugin
2023-05-29 14:51:26,112 [INFO] PluginManager:220 - loadIPPluginJar : add quadspi
2023-05-29 14:51:26,128 [INFO] IPUIPlugin:80 - create IPUIPlugin
2023-05-29 14:51:26,128 [INFO] PluginManager:220 - loadIPPluginJar : add resmgrutility
2023-05-29 14:51:26,176 [INFO] IPUIPlugin:80 - create IPUIPlugin
2023-05-29 14:51:26,176 [INFO] PluginManager:220 - loadIPPluginJar : add sai
2023-05-29 14:51:26,209 [INFO] IPUIPlugin:80 - create IPUIPlugin
2023-05-29 14:51:26,209 [INFO] PluginManager:220 - loadIPPluginJar : add spi
2023-05-29 14:51:26,271 [INFO] IPUIPlugin:80 - create IPUIPlugin
2023-05-29 14:51:26,271 [INFO] PluginManager:220 - loadIPPluginJar : add stm32_wpan
2023-05-29 14:51:26,299 [INFO] IPUIPlugin:80 - create IPUIPlugin
2023-05-29 14:51:26,299 [INFO] PluginManager:220 - loadIPPluginJar : add tim
2023-05-29 14:51:26,350 [INFO] IPUIPlugin:80 - create IPUIPlugin
2023-05-29 14:51:26,350 [INFO] PluginManager:220 - loadIPPluginJar : add touchsensing
2023-05-29 14:51:26,365 [INFO] IPUIPlugin:80 - create IPUIPlugin
2023-05-29 14:51:26,365 [INFO] PluginManager:220 - loadIPPluginJar : add tracer_emb
2023-05-29 14:51:26,399 [INFO] IPUIPlugin:80 - create IPUIPlugin
2023-05-29 14:51:26,399 [INFO] PluginManager:220 - loadIPPluginJar : add ts
2023-05-29 14:51:26,413 [INFO] IPUIPlugin:80 - create IPUIPlugin
2023-05-29 14:51:26,413 [INFO] PluginManager:220 - loadIPPluginJar : add tsc
2023-05-29 14:51:26,444 [INFO] IPUIPlugin:80 - create IPUIPlugin
2023-05-29 14:51:26,444 [INFO] PluginManager:220 - loadIPPluginJar : add ucpd
2023-05-29 14:51:26,478 [INFO] IPUIPlugin:80 - create IPUIPlugin
2023-05-29 14:51:26,478 [INFO] PluginManager:220 - loadIPPluginJar : add usart
2023-05-29 14:51:26,523 [INFO] IPUIPlugin:80 - create IPUIPlugin
2023-05-29 14:51:26,523 [INFO] PluginManager:220 - loadIPPluginJar : add usbx
2023-05-29 14:51:26,674 [INFO] CADModel:165 - CPN selected for project level
2023-05-29 14:51:26,674 [INFO] CADModel:114 - Register for checkConnection events
2023-05-29 14:51:26,678 [FATAL] Updater:308 - Updater called before beeing initialized
2023-05-29 14:51:26,678 [ERROR] CADModel:125 - Updater not yet initialized, retry later 
2023-05-29 14:51:26,885 [INFO] CADModel:165 - CPN selected for project level
2023-05-29 14:51:26,885 [INFO] CADModel:114 - Register for checkConnection events
2023-05-29 14:51:26,885 [FATAL] Updater:308 - Updater called before beeing initialized
2023-05-29 14:51:26,885 [ERROR] CADModel:125 - Updater not yet initialized, retry later 
2023-05-29 14:51:26,894 [FATAL] Updater:308 - Updater called before beeing initialized
2023-05-29 14:51:27,047 [INFO] ThirdPartyUpdaterWithRetryManager:70 - Updater plugin not ready yet. [2/15]
2023-05-29 14:51:27,067 [FATAL] Updater:308 - Updater called before beeing initialized
2023-05-29 14:51:27,075 [INFO] DbMcusAds:53 - JSON generation date=Tue Mar 07 09:50:54 CET 2023 (1678179054945)
2023-05-29 14:51:27,075 [FATAL] Updater:308 - Updater called before beeing initialized
2023-05-29 14:51:27,149 [WARN] DetailPanel:346 - Failed to get advertising image, set to default
2023-05-29 14:51:27,301 [FATAL] Updater:308 - Updater called before beeing initialized
2023-05-29 14:51:27,313 [FATAL] Updater:308 - Updater called before beeing initialized
2023-05-29 14:51:27,313 [FATAL] Updater:308 - Updater called before beeing initialized
2023-05-29 14:51:27,313 [WARN] DetailPanel:346 - Failed to get advertising image, set to default
2023-05-29 14:51:27,315 [FATAL] Updater:308 - Updater called before beeing initialized
2023-05-29 14:51:27,380 [ERROR] Updater:1120 - MainUpdater not yet initialized. External WinMGr cannot be set.
2023-05-29 14:51:27,401 [INFO] Updater:1056 - Updater Version found : 6.8.1
2023-05-29 14:51:27,429 [INFO] ApplicationProperties:184 - Using Application install path: C:\ST\STM32CubeIDE_1.12.0\STM32CubeIDE\plugins\com.st.stm32cube.common.mx_6.8.1.202304191431
2023-05-29 14:51:27,666 [INFO] MainUpdater:2854 - connection check result : 10
2023-05-29 14:51:27,675 [INFO] MainUpdater:283 - Updater Check For Update Now.
2023-05-29 14:51:27,676 [INFO] MicroXplorer:498 - Change Database Version : DB.6.0.81
2023-05-29 14:51:27,875 [INFO] CheckServerUpdateThread:120 - End of CheckServer Thread
2023-05-29 14:51:27,916 [INFO] MainUpdater:2854 - connection check result : 10
2023-05-29 14:51:27,916 [INFO] MainUpdater:2854 - connection check result : 10
2023-05-29 14:51:28,139 [INFO] MicroXplorer:468 - Change Database Path : 
2023-05-29 14:51:28,139 [INFO] MicroXplorer:498 - Change Database Version : DB.6.0.81
2023-05-29 14:51:28,139 [WARN] ThirdParty:871 - waiting for thirdparty lock release [close project]
2023-05-29 14:51:30,268 [WARN] PackLoader:240 - Cannot read IP mode file for STMicroelectronics.X-CUBE-GNSS1.6.0.0
2023-05-29 14:51:30,320 [WARN] PackLoader:240 - Cannot read IP mode file for STMicroelectronics.X-CUBE-AZRTOS-F4.1.1.0
2023-05-29 14:51:30,334 [WARN] PackLoader:240 - Cannot read IP mode file for STMicroelectronics.X-CUBE-SMBUS.2.1.0
2023-05-29 14:51:30,345 [WARN] PackLoader:240 - Cannot read IP mode file for wolfSSL.I-CUBE-wolfSSL.5.6.0
2023-05-29 14:51:30,375 [WARN] PackLoader:240 - Cannot read IP mode file for STMicroelectronics.X-CUBE-AZRTOS-F7.1.1.0
2023-05-29 14:51:30,470 [WARN] PackLoader:240 - Cannot read IP mode file for STMicroelectronics.X-CUBE-MEMS1.9.6.0
2023-05-29 14:51:30,785 [ERROR] RealEvaluatedCondition:428 - Found unsupported composite condition: GROUP='STM32_MetaDataManager' CLASS='Data Exchange'
2023-05-29 14:51:30,785 [ERROR] RealEvaluatedCondition:428 - Found unsupported composite condition: CLASS='Data Exchange' GROUP='STM32_MetaDataManager'
2023-05-29 14:51:30,785 [WARN] PackLoader:240 - Cannot read IP mode file for STMicroelectronics.FP-SNS-MOTENV1.4.3.0
2023-05-29 14:51:30,800 [WARN] PackLoader:240 - Cannot read IP mode file for STMicroelectronics.FP-SNS-FLIGHT1.5.0.0
2023-05-29 14:51:30,816 [ERROR] RealEvaluatedCondition:428 - Found unsupported composite condition: GROUP='STM32_MetaDataManager' CLASS='Data Exchange'
2023-05-29 14:51:30,816 [ERROR] RealEvaluatedCondition:428 - Found unsupported composite condition: CLASS='Data Exchange' GROUP='STM32_MetaDataManager'
2023-05-29 14:51:30,816 [WARN] PackLoader:240 - Cannot read IP mode file for STMicroelectronics.FP-SNS-MOTENV1.4.3.1
2023-05-29 14:51:30,832 [WARN] PackLoader:240 - Cannot read IP mode file for STMicroelectronics.FP-SNS-FLIGHT1.5.0.1
2023-05-29 14:51:30,848 [WARN] PackLoader:240 - Cannot read IP mode file for STMicroelectronics.X-CUBE-BLE1.6.2.4
2023-05-29 14:51:30,874 [WARN] PackLoader:240 - Cannot read IP mode file for emotas.I-CUBE-CANOPEN.1.1.3
2023-05-29 14:51:30,900 [WARN] PackLoader:240 - Cannot read IP mode file for STMicroelectronics.X-CUBE-BLEMGR.2.0.0
2023-05-29 14:51:30,975 [WARN] ConditionMgr:438 - getConditionDescription Invalid condition id : UX DEVICE CLASS RTOS Condition cause : null
2023-05-29 14:51:30,975 [WARN] ConditionMgr:438 - getConditionDescription Invalid condition id : UX DEVICE CLASS RTOS Condition cause : null
2023-05-29 14:51:30,990 [WARN] PackLoader:240 - Cannot read IP mode file for STMicroelectronics.X-CUBE-AZRTOS-H7.3.1.0
2023-05-29 14:51:30,990 [WARN] ConditionMgr:1039 - genDependencies : Invalid condition id : UX DEVICE CLASS RTOS Condition cause : null
2023-05-29 14:51:30,990 [WARN] ConditionMgr:1039 - genDependencies : Invalid condition id : UX DEVICE CLASS RTOS Condition cause : null
2023-05-29 14:51:30,990 [WARN] ConditionMgr:1039 - genDependencies : Invalid condition id : UX DEVICE CLASS RTOS Condition cause : null
2023-05-29 14:51:30,990 [WARN] ConditionMgr:1039 - genDependencies : Invalid condition id : UX DEVICE CLASS RTOS Condition cause : null
2023-05-29 14:51:30,990 [WARN] ConditionMgr:1039 - genDependencies : Invalid condition id : UX DEVICE CLASS RTOS Condition cause : null
2023-05-29 14:51:31,007 [WARN] PackLoader:240 - Cannot read IP mode file for STMicroelectronics.X-CUBE-DISPLAY.3.0.0
2023-05-29 14:51:31,037 [WARN] PackLoader:240 - Cannot read IP mode file for STMicroelectronics.X-CUBE-NFC7.1.0.0
2023-05-29 14:51:31,054 [WARN] PackLoader:240 - Cannot read IP mode file for STMicroelectronics.X-CUBE-EEPRMA1.4.1.0
2023-05-29 14:51:31,103 [WARN] ConditionMgr:438 - getConditionDescription Invalid condition id : LAN8742 Phy interface Condition cause : null
2023-05-29 14:51:31,107 [WARN] PackLoader:240 - Cannot read IP mode file for STMicroelectronics.X-CUBE-AZRTOS-L4.2.0.0
2023-05-29 14:51:31,118 [WARN] ConditionMgr:1039 - genDependencies : Invalid condition id : LAN8742 Phy interface Condition cause : null
2023-05-29 14:51:31,118 [WARN] ConditionMgr:1039 - genDependencies : Invalid condition id : LAN8742 Phy interface Condition cause : null
2023-05-29 14:51:31,118 [WARN] ConditionMgr:1039 - genDependencies : Invalid condition id : LAN8742 Phy interface Condition cause : null
2023-05-29 14:51:31,131 [WARN] PackLoader:240 - Cannot read IP mode file for WES.I-CUBE-Cesium.1.3.0
2023-05-29 14:51:31,147 [WARN] PackLoader:240 - Cannot read IP mode file for STMicroelectronics.X-CUBE-SFXS2LP1.4.0.0
2023-05-29 14:51:31,178 [WARN] PackLoader:240 - Cannot read IP mode file for STMicroelectronics.X-CUBE-BLE2.3.3.0
2023-05-29 14:51:31,225 [WARN] PackLoader:240 - Cannot read IP mode file for STMicroelectronics.X-CUBE-AZRTOS-H7.3.0.0
2023-05-29 14:51:31,241 [WARN] PackLoader:240 - Cannot read IP mode file for STMicroelectronics.X-CUBE-ISPU.1.1.0
2023-05-29 14:51:31,272 [WARN] PackLoader:240 - Cannot read IP mode file for RoweBots.I-CUBE-UNISONRTOS.5.5.0-4
2023-05-29 14:51:31,296 [WARN] PackLoader:240 - Cannot read IP mode file for STMicroelectronics.X-CUBE-AI.8.0.0
2023-05-29 14:51:31,307 [WARN] PackLoader:240 - Cannot read IP mode file for STMicroelectronics.X-CUBE-FREERTOS.1.0.0
2023-05-29 14:51:31,326 [WARN] PackLoader:240 - Cannot read IP mode file for STMicroelectronics.X-CUBE-FREERTOS.1.0.1
2023-05-29 14:51:31,337 [WARN] PackLoader:240 - Cannot read IP mode file for STMicroelectronics.X-CUBE-TOUCHGFX.4.21.3
2023-05-29 14:51:31,352 [WARN] PackLoader:240 - Cannot read IP mode file for STMicroelectronics.X-CUBE-TOUCHGFX.4.21.4
2023-05-29 14:51:31,368 [WARN] PackLoader:240 - Cannot read IP mode file for STMicroelectronics.X-CUBE-ALGOBUILD.1.3.0
2023-05-29 14:51:31,407 [WARN] PackLoader:240 - Cannot read IP mode file for STMicroelectronics.X-CUBE-AZRTOS-L5.1.1.0
2023-05-29 14:51:31,431 [WARN] PackLoader:240 - Cannot read IP mode file for STMicroelectronics.X-CUBE-AZRTOS-G0.1.1.0
2023-05-29 14:51:31,463 [WARN] PackLoader:240 - Cannot read IP mode file for STMicroelectronics.X-CUBE-AI.8.0.1
2023-05-29 14:51:31,478 [WARN] PackLoader:240 - Cannot read IP mode file for STMicroelectronics.X-CUBE-SUBG2.5.0.0
2023-05-29 14:51:31,508 [WARN] PackLoader:240 - Cannot read IP mode file for STMicroelectronics.X-CUBE-NFC4.3.0.0
2023-05-29 14:51:31,536 [WARN] PackLoader:240 - Cannot read IP mode file for STMicroelectronics.X-CUBE-AZRTOS-G4.2.0.0
2023-05-29 14:51:31,566 [WARN] PackLoader:240 - Cannot read IP mode file for STMicroelectronics.X-CUBE-TOF1.3.3.0
2023-05-29 14:51:31,590 [WARN] PackLoader:240 - Cannot read IP mode file for STMicroelectronics.FP-ATR-ASTRA1.1.1.1
2023-05-29 14:51:31,624 [WARN] PackLoader:240 - Cannot read IP mode file for STMicroelectronics.X-CUBE-AZRTOS-G4.1.0.0
2023-05-29 14:51:31,648 [WARN] PackLoader:240 - Cannot read IP mode file for STMicroelectronics.FP-ATR-SIGFOX1.3.2.0
2023-05-29 14:51:31,692 [WARN] PackLoader:240 - Cannot read IP mode file for STMicroelectronics.X-CUBE-AZRTOS-L4.1.0.0
2023-05-29 14:51:31,721 [WARN] PackLoader:240 - Cannot read IP mode file for STMicroelectronics.X-CUBE-AZRTOS-WL.1.0.0
2023-05-29 14:51:31,747 [WARN] PackLoader:240 - Cannot read IP mode file for portGmbH.I-Cube-SoM-uGOAL.1.1.0
2023-05-29 14:51:31,763 [WARN] PackLoader:240 - Cannot read IP mode file for STMicroelectronics.X-CUBE-ALS.1.0.1
2023-05-29 14:51:31,842 [WARN] PackLoader:240 - Cannot read IP mode file for STMicroelectronics.X-CUBE-MEMS1.9.5.0
2023-05-29 14:51:32,109 [WARN] PackLoader:240 - Cannot read IP mode file for STMicroelectronics.X-CUBE-AZRTOS-WB.1.1.0
2023-05-29 14:51:32,199 [WARN] PackLoader:240 - Cannot read IP mode file for SEGGER.I-CUBE-embOS.1.3.1
2023-05-29 14:51:32,268 [WARN] PackLoader:240 - Cannot read IP mode file for STMicroelectronics.FP-ATR-ASTRA1.2.0.0
2023-05-29 14:51:32,268 [INFO] ThirdParty:978 - Integrity check success = true
2023-05-29 14:51:32,268 [INFO] IntegrityCheckThread:100 - exiting critical section [integrity check]
2023-05-29 14:51:32,268 [INFO] IntegrityCheckThread:103 - End integrity checks thread
2023-05-29 14:51:32,268 [INFO] ThirdParty:873 - entering critical section [close project]
2023-05-29 14:51:32,268 [INFO] ThirdParty:883 - exiting critical section [close project]
2023-05-29 14:51:32,282 [INFO] PinOutPanel:1499 - setPackage(No Configuration,No Configuration)
2023-05-29 14:51:32,293 [INFO] UtilMem:75 - Begin LoadConfig() Used Memory: 431635968 Bytes (501219328)
2023-05-29 14:53:14,360 [INFO] ServerAccessManage:473 - Download File stm32cube_db_v6080.zip
2023-05-29 14:53:18,039 [INFO] FileExtend:240 - Unzip File : stm32cube_db_v6080.zip
2023-05-29 14:53:18,039 [INFO] FileExtend:255 - Standard Zip Deflate
2023-05-29 14:53:38,564 [INFO] LoadServerPackagesThread:196 - End of LoadServerPackages Thread
2023-05-29 14:53:38,830 [INFO] CheckServerUpdateThread:120 - End of CheckServer Thread
2023-05-29 14:53:38,845 [INFO] MicroXplorer:468 - Change Database Path : C:/Users/hr193/.stm32cubemx/databases/DB.6.0.80/db/
2023-05-29 14:53:38,845 [INFO] MicroXplorer:498 - Change Database Version : DB.6.0.80
2023-05-29 14:53:38,845 [INFO] OpenFileManager:308 - Change cursor
2023-05-29 14:53:39,081 [INFO] Mcu:1937 - Initializing MCU STM32L476R(C-E-G)Tx STM32L476RGTx STM32L476RGT3
2023-05-29 14:53:43,677 [INFO] Context:659 - Trying to add GPIOservice into a context  which must be forbidden
2023-05-29 14:53:45,637 [INFO] RtosManager:555 - Registered RTOS mode: class=CMSIS, group=RTOS, mode=CMSIS_V1, owner=FREERTOS
2023-05-29 14:53:45,637 [INFO] RtosManager:555 - Registered RTOS mode: class=CMSIS, group=RTOS2, mode=CMSIS_V2, owner=FREERTOS
2023-05-29 14:53:45,637 [INFO] RtosManager:555 - Registered RTOS mode: class=RTOS, group=Core, mode=CMSIS_V1, owner=FREERTOS
2023-05-29 14:53:45,637 [INFO] RtosManager:555 - Registered RTOS mode: class=RTOS, group=Core, mode=CMSIS_V2, owner=FREERTOS
2023-05-29 14:53:45,637 [WARN] ModelIntegratedComponent:184 - Missing modes for component STMicroelectronics:FreeRTOS:0.0.1:STMicroelectronics:RTOS:FreeRTOS:Core:::10.2.0:
2023-05-29 14:53:45,660 [WARN] ModelIntegratedComponent:63 - No mode defined for component null
2023-05-29 14:53:45,660 [WARN] ModelIntegratedComponent:63 - No mode defined for component null
2023-05-29 14:53:45,660 [WARN] ModelIntegratedComponent:63 - No mode defined for component null
2023-05-29 14:53:45,660 [WARN] ModelIntegratedComponent:63 - No mode defined for component null
2023-05-29 14:53:45,660 [WARN] ModelIntegratedComponent:63 - No mode defined for component null
2023-05-29 14:53:45,660 [WARN] ModelIntegratedComponent:63 - No mode defined for component null
2023-05-29 14:53:45,660 [WARN] ModelIntegratedComponent:63 - No mode defined for component null
2023-05-29 14:53:45,660 [WARN] ModelIntegratedComponent:63 - No mode defined for component null
2023-05-29 14:53:45,660 [WARN] ModelIntegratedComponent:63 - No mode defined for component null
2023-05-29 14:53:45,660 [WARN] ModelIntegratedComponent:63 - No mode defined for component null
2023-05-29 14:53:45,660 [WARN] ModelIntegratedComponent:63 - No mode defined for component null
2023-05-29 14:53:45,660 [WARN] ModelIntegratedComponent:63 - No mode defined for component null
2023-05-29 14:53:45,660 [WARN] ModelIntegratedComponent:63 - No mode defined for component null
2023-05-29 14:53:45,660 [WARN] ModelIntegratedComponent:63 - No mode defined for component null
2023-05-29 14:53:45,660 [WARN] ModelIntegratedComponent:63 - No mode defined for component null
2023-05-29 14:53:45,660 [WARN] ModelIntegratedComponent:63 - No mode defined for component null
2023-05-29 14:53:45,660 [WARN] ModelIntegratedComponent:63 - No mode defined for component null
2023-05-29 14:53:45,660 [WARN] ModelIntegratedComponent:63 - No mode defined for component null
2023-05-29 14:53:45,660 [WARN] ModelIntegratedComponent:63 - No mode defined for component null
2023-05-29 14:53:45,660 [WARN] ModelIntegratedComponent:63 - No mode defined for component null
2023-05-29 14:53:45,660 [WARN] ModelIntegratedComponent:63 - No mode defined for component null
2023-05-29 14:53:45,660 [WARN] ModelIntegratedComponent:63 - No mode defined for component null
2023-05-29 14:53:45,660 [WARN] ModelIntegratedComponent:63 - No mode defined for component null
2023-05-29 14:53:45,660 [WARN] ModelIntegratedComponent:63 - No mode defined for component null
2023-05-29 14:53:45,660 [WARN] ModelIntegratedComponent:63 - No mode defined for component null
2023-05-29 14:53:45,660 [WARN] ModelIntegratedComponent:63 - No mode defined for component null
2023-05-29 14:53:45,660 [WARN] ModelIntegratedComponent:63 - No mode defined for component null
2023-05-29 14:53:45,660 [WARN] ModelIntegratedComponent:63 - No mode defined for component null
2023-05-29 14:53:45,660 [WARN] ModelIntegratedComponent:63 - No mode defined for component null
2023-05-29 14:53:45,660 [WARN] ModelIntegratedComponent:63 - No mode defined for component null
2023-05-29 14:53:45,660 [WARN] ModelIntegratedComponent:63 - No mode defined for component null
2023-05-29 14:53:45,660 [WARN] ModelIntegratedComponent:63 - No mode defined for component null
2023-05-29 14:53:45,660 [WARN] ModelIntegratedComponent:63 - No mode defined for component null
2023-05-29 14:53:45,833 [INFO] ThirdPartyModel:298 - Start build external matchings
2023-05-29 14:53:46,569 [INFO] ThirdPartyModel:316 - End build external matchings
2023-05-29 14:53:46,599 [INFO] ImportTextPane:194 - (OptionalMessage_ERROR) IP (RCC) : Invalid parameter (FamilyName)
2023-05-29 14:53:46,938 [INFO] UtilMem:75 - End LoadConfig() Used Memory: 678879864 Bytes (923795456)
2023-05-29 14:53:47,209 [INFO] ApiDb:581 - Connected to CubeFinder SQLite database (C:\Users\hr193\.stmcufinder\plugins\mcufinder\mcu\cube-finder-db.db)
2023-05-29 14:53:47,366 [INFO] ApiDb:668 - CubeFinder database Data Model version=2.1
2023-05-29 14:53:47,366 [INFO] ApiDb:669 - CubeFinder database Configuration version=3.0.35
2023-05-29 14:53:47,366 [INFO] ApiDb:670 - CubeFinder database generation date=2023-05-12 (1683877179)
2023-05-29 14:53:47,366 [INFO] ApiDb:671 - CubeFinder database FW Pack versions=[FP-ATR-ASTRA1_V2.0.0, FP-SNS-FLIGHT1_V5.0.0, FP-SNS-MOTENV1_V4.3.0, STM32Cube_FW_C0_V1.0.1, STM32Cube_FW_F0_V1.11.4, STM32Cube_FW_F3_V1.11.4, STM32Cube_FW_F4_V1.27.1, STM32Cube_FW_F7_V1.17.0, STM32Cube_FW_G0_V1.6.1, STM32Cube_FW_G4_V1.5.1, STM32Cube_FW_H5_V0.5.1, STM32Cube_FW_H5_V1.0.0, STM32Cube_FW_H7_V1.11.0, STM32Cube_FW_L0_V1.12.2, STM32Cube_FW_L5_V1.5.0, STM32Cube_FW_U5_V1.2.0, STM32Cube_FW_WBA_V1.0.0, STM32Cube_FW_WBA_V1.0.0RC1, STM32Cube_FW_WBA_V1.0.0RC3, STM32Cube_FW_WB_V1.15.0RC1, STM32Cube_FW_WB_V1.16.0, STM32Cube_FW_WB_V1.16.0RC2, STM32Cube_FW_WL_V1.3.0, X-CUBE-ALGOBUILD_V1.3.0, X-CUBE-ALS_V1.0.1, X-CUBE-AZRTOS-F4_V1.1.0, X-CUBE-AZRTOS-F7_V1.1.0, X-CUBE-AZRTOS-G0_V1.1.0, X-CUBE-AZRTOS-G4_V2.0.0, X-CUBE-AZRTOS-H7_V3.1.0, X-CUBE-AZRTOS-L4_V1.0.0, X-CUBE-AZRTOS-L5_V1.1.0, X-CUBE-AZRTOS-WB_V1.1.0, X-CUBE-AZRTOS-WL_V1.0.0, X-CUBE-BLE1_V6.2.4, X-CUBE-BLE2_V3.3.0, X-CUBE-BLEMGR_V2.0.0, X-CUBE-EEPRMA1_V4.1.0, X-CUBE-FREERTOS_V1.0.1, X-CUBE-GNSS1_V6.0.0, X-CUBE-MEMS1_V9.1.0, X-CUBE-MEMS1_V9.4.0, X-CUBE-MEMS1_V9.6.0, X-CUBE-NFC4_V3.0.0, X-CUBE-NFC7_V1.0.0, X-CUBE-SFXS2LP1_V4.0.0, X-CUBE-SUBG2_V5.0.0]
2023-05-29 14:53:50,307 [INFO] ApiDb:240 - Found 297 in-development CPN: [B-G473E-ZEST1S, B-WB1M-WPAN1, B-WL5M-SUBG1, NUCLEO-C031C6, NUCLEO-H503RB, NUCLEO-H563ZI, NUCLEO-U545RE-Q, NUCLEO-U5A5ZJ-Q, NUCLEO-WBA52CG, STEVAL-PROTEUS1, STEVAL-STWINBX1, STM320518-EVAL, STM32C0116-DK, STM32C011D6Y3TR, STM32C011D6Y6TR, STM32C011F4P3, STM32C011F4P6, STM32C011F4U3, STM32C011F4U6TR, STM32C011F6P3, STM32C011F6P6, STM32C011F6U3, STM32C011F6U6TR, STM32C011J4M3, STM32C011J4M6, STM32C011J6M3, STM32C011J6M6, STM32C0316-DK, STM32C031C4T3, STM32C031C4T6, STM32C031C4U3, STM32C031C4U6, STM32C031C6T3, STM32C031C6T6, STM32C031C6U3, STM32C031C6U6, STM32C031F4P3, STM32C031F4P6, STM32C031F6P3, STM32C031F6P6, STM32C031G4U3, STM32C031G4U6, STM32C031G6U3, STM32C031G6U6, STM32C031K4T3, STM32C031K4T6, STM32C031K4U3, STM32C031K4U6, STM32C031K6T3, STM32C031K6T6, STM32C031K6U3, STM32C031K6U6, STM32G071K8TXN, STM32G071K8UXN, STM32G081GBU6N, STM32G081KBT6N, STM32G081KBUXN, STM32G0B1CCT6N, STM32G0B1KCT6, STM32G0B1NEY6TR, STM32G0B1RCT6N, STM32G0C1CCT6, STM32G0C1CCT6N, STM32G0C1CCU6N, STM32G0C1CET6N, STM32G0C1CEU6N, STM32G0C1KCT6, STM32G0C1NEY6TR, STM32G0C1RCI6N, STM32G0C1RCT6N, STM32G0C1REI6N, STM32G0C1RET6N, STM32G0C1VCI6, STM32G0C1VEI6, STM32G471CCT6, STM32G471CCU6, STM32G471CET3, STM32G471CET6, STM32G471CEU3, STM32G471CEU6, STM32G471MCT6, STM32G471MET3, STM32G471MET6, STM32G471MEY6TR, STM32G471QCT6, STM32G471QET3, STM32G471RCT6, STM32G471RET3, STM32G471RET6, STM32G471VCH6, STM32G471VCI6, STM32G471VCT6, STM32G471VEH3, STM32G471VEH6, STM32G471VEI3, STM32G471VEI6, STM32G471VET3, STM32G471VET6, STM32G474CCT6, STM32H503CBT6, STM32H503CBU6, STM32H503EBY6TR, STM32H503KBU6, STM32H503RBT6, STM32H562AGI6, STM32H562AII6, STM32H562IGK6, STM32H562IGT6, STM32H562IIK6, STM32H562IIT6, STM32H562RGT6, STM32H562RGV6, STM32H562RIT6, STM32H562RIV6, STM32H562VGT6, STM32H562VIT6, STM32H562ZGT6, STM32H562ZIT6, STM32H563AGI6, STM32H563AII3Q, STM32H563AII6, STM32H563IGK6, STM32H563IGT6, STM32H563IIK3Q, STM32H563IIK6, STM32H563IIT3Q, STM32H563IIT6, STM32H563MIY3QTR, STM32H563RGT6, STM32H563RGV6, STM32H563RIT6, STM32H563RIV6, STM32H563VGT6, STM32H563VIT3Q, STM32H563VIT6, STM32H563ZGT6, STM32H563ZIT3Q, STM32H563ZIT6, STM32H573AII3Q, STM32H573AII6, STM32H573I-DK, STM32H573IIK3Q, STM32H573IIK6, STM32H573IIT3Q, STM32H573IIT6, STM32H573MIY3QTR, STM32H573RIT6, STM32H573RIV6, STM32H573VIT3Q, STM32H573VIT6, STM32H573ZIT3Q, STM32H573ZIT6, STM32L4R5QGI6STR, STM32MP131AAE3, STM32MP131AAF3, STM32MP131AAG3, STM32MP131CAE3, STM32MP131CAF3, STM32MP131CAG3, STM32MP131DAE7, STM32MP131DAF7, STM32MP131DAG7, STM32MP131FAE7, STM32MP131FAF7, STM32MP131FAG7, STM32MP133AAE3, STM32MP133AAF3, STM32MP133AAG3, STM32MP133CAE3, STM32MP133CAF3, STM32MP133CAG3, STM32MP133DAE7, STM32MP133DAF7, STM32MP133DAG7, STM32MP133FAE7, STM32MP133FAF7, STM32MP133FAG7, STM32MP135AAE3, STM32MP135AAF3, STM32MP135AAG3, STM32MP135CAE3, STM32MP135CAF3, STM32MP135CAG3, STM32MP135DAE7, STM32MP135DAF7, STM32MP135DAG7, STM32MP135F-DK, STM32MP135FAE7, STM32MP135FAF7, STM32MP135FAF7T, STM32MP135FAF7U, STM32MP135FAG7, STM32U535CBT6, STM32U535CBT6Q, STM32U535CBU6, STM32U535CBU6Q, STM32U535CCT6, STM32U535CCT6Q, STM32U535CCU6, STM32U535CCU6Q, STM32U535CET6, STM32U535CET6Q, STM32U535CEU6, STM32U535CEU6Q, STM32U535JEY6QTR, STM32U535NCY6QTR, STM32U535NEY6QTR, STM32U535RBI6, STM32U535RBI6Q, STM32U535RBT6, STM32U535RBT6Q, STM32U535RCI6, STM32U535RCI6Q, STM32U535RCT6, STM32U535RCT6Q, STM32U535REI6, STM32U535REI6Q, STM32U535RET6, STM32U535RET6Q, STM32U535VCI6, STM32U535VCI6Q, STM32U535VCT6, STM32U535VCT6Q, STM32U535VEI6, STM32U535VEI6Q, STM32U535VET6, STM32U535VET6Q, STM32U545CET6, STM32U545CET6Q, STM32U545CEU6, STM32U545CEU6Q, STM32U545JEY6QTR, STM32U545NEY6QTR, STM32U545REI6, STM32U545REI6Q, STM32U545RET6, STM32U545RET6Q, STM32U545VEI6, STM32U545VEI6Q, STM32U545VET6, STM32U545VET6Q, STM32U595AIH6, STM32U595AIH6Q, STM32U595AJH6, STM32U595AJH6Q, STM32U595QII6, STM32U595QII6Q, STM32U595QJI6, STM32U595QJI6Q, STM32U595RIT6, STM32U595RIT6Q, STM32U595RJT6, STM32U595RJT6Q, STM32U595VIT6, STM32U595VIT6Q, STM32U595VJT6, STM32U595VJT6Q, STM32U595ZIT6, STM32U595ZIT6Q, STM32U595ZIY6QTR, STM32U595ZJT6, STM32U595ZJT6Q, STM32U595ZJY6QTR, STM32U599BJY6QTR, STM32U599NIH6Q, STM32U599NJH6Q, STM32U599VIT6Q, STM32U599VJT6, STM32U599VJT6Q, STM32U599ZIT6Q, STM32U599ZIY6QTR, STM32U599ZJT6Q, STM32U599ZJY6QTR, STM32U5A5AJH6, STM32U5A5AJH6Q, STM32U5A5QJI6, STM32U5A5QJI6Q, STM32U5A5RJT6, STM32U5A5RJT6Q, STM32U5A5VJT6, STM32U5A5VJT6Q, STM32U5A5ZJT6, STM32U5A5ZJT6Q, STM32U5A5ZJY6QTR, STM32U5A9BJY6QTR, STM32U5A9J-DK, STM32U5A9NJH6Q, STM32U5A9VJT6Q, STM32U5A9ZJT6Q, STM32U5A9ZJY6QTR, STM32WB1MMCH6, STM32WBA52CEU6, STM32WBA52CEU6T, STM32WBA52CGU6, STM32WBA52CGU6T, STM32WL5MOCH6, STM32WL5MOCH6TR]
2023-05-29 14:53:50,322 [INFO] DbMcus:216 - Found 3775 MCUs, 3775 are supported
2023-05-29 14:53:50,325 [INFO] ApiDb:423 - Load user favorites file C:\Users\hr193/.stm32cubeide/favorites.mcus.txt: 0 item(s)
2023-05-29 14:53:50,325 [INFO] ApiDb:427 - User favorites MCUs=[]
2023-05-29 14:53:50,325 [INFO] DbMcus:222 - Set 0 / 0 favorites MCUs
2023-05-29 14:53:52,363 [WARN] ThirdParty:833 - waiting for thirdparty lock release [change project]
2023-05-29 14:53:52,363 [INFO] ThirdParty:835 - entering critical section [change project]
2023-05-29 14:53:52,363 [INFO] ThirdParty:1030 - CMSIS Pack Vendor :STMicroelectronics X-CUBE-ISPU 1.1.0
2023-05-29 14:53:52,363 [INFO] ThirdParty:1030 - CMSIS Pack Vendor :RoweBots I-CUBE-UNISONRTOS 5.5.0-4
2023-05-29 14:53:52,363 [INFO] ThirdParty:1030 - CMSIS Pack Vendor :STMicroelectronics X-CUBE-GNSS1 6.0.0
2023-05-29 14:53:52,363 [INFO] ThirdParty:1030 - CMSIS Pack Vendor :STMicroelectronics USB_HOST 2.0.0
2023-05-29 14:53:52,363 [INFO] ThirdParty:1030 - CMSIS Pack Vendor :STMicroelectronics X-CUBE-AZRTOS-F4 1.1.0
2023-05-29 14:53:52,363 [INFO] ThirdParty:1030 - CMSIS Pack Vendor :STMicroelectronics LIBJPEG 8.0.0
2023-05-29 14:53:52,363 [INFO] ThirdParty:1030 - CMSIS Pack Vendor :STMicroelectronics X-CUBE-SMBUS 2.1.0
2023-05-29 14:53:52,363 [INFO] ThirdParty:1030 - CMSIS Pack Vendor :wolfSSL I-CUBE-wolfSSL 5.6.0
2023-05-29 14:53:52,363 [INFO] ThirdParty:1030 - CMSIS Pack Vendor :STMicroelectronics USB_DEVICE 3.0.0
2023-05-29 14:53:52,363 [INFO] ThirdParty:1030 - CMSIS Pack Vendor :STMicroelectronics X-CUBE-AI 8.0.0
2023-05-29 14:53:52,363 [INFO] ThirdParty:1030 - CMSIS Pack Vendor :STMicroelectronics X-CUBE-FREERTOS 1.0.0
2023-05-29 14:53:52,363 [INFO] ThirdParty:1030 - CMSIS Pack Vendor :STMicroelectronics X-CUBE-FREERTOS 1.0.1
2023-05-29 14:53:52,363 [INFO] ThirdParty:1030 - CMSIS Pack Vendor :STMicroelectronics X-CUBE-TOUCHGFX 4.21.3
2023-05-29 14:53:52,363 [INFO] ThirdParty:1030 - CMSIS Pack Vendor :STMicroelectronics X-CUBE-AZRTOS-F7 1.1.0
2023-05-29 14:53:52,363 [INFO] ThirdParty:1030 - CMSIS Pack Vendor :STMicroelectronics X-CUBE-TOUCHGFX 4.21.4
2023-05-29 14:53:52,363 [INFO] ThirdParty:1030 - CMSIS Pack Vendor :STMicroelectronics USB_DEVICE 2.0.0
2023-05-29 14:53:52,363 [INFO] ThirdParty:1030 - CMSIS Pack Vendor :STMicroelectronics X-CUBE-MEMS1 9.6.0
2023-05-29 14:53:52,363 [INFO] ThirdParty:1030 - CMSIS Pack Vendor :STMicroelectronics FP-SNS-MOTENV1 4.3.0
2023-05-29 14:53:52,363 [INFO] ThirdParty:1030 - CMSIS Pack Vendor :STMicroelectronics FP-SNS-FLIGHT1 5.0.0
2023-05-29 14:53:52,363 [INFO] ThirdParty:1030 - CMSIS Pack Vendor :STMicroelectronics FP-SNS-MOTENV1 4.3.1
2023-05-29 14:53:52,363 [INFO] ThirdParty:1030 - CMSIS Pack Vendor :STMicroelectronics FP-SNS-FLIGHT1 5.0.1
2023-05-29 14:53:52,363 [INFO] ThirdParty:1030 - CMSIS Pack Vendor :STMicroelectronics X-CUBE-ALGOBUILD 1.3.0
2023-05-29 14:53:52,363 [INFO] ThirdParty:1030 - CMSIS Pack Vendor :STMicroelectronics X-CUBE-BLE1 6.2.4
2023-05-29 14:53:52,363 [INFO] ThirdParty:1030 - CMSIS Pack Vendor :STMicroelectronics X-CUBE-AZRTOS-L5 1.1.0
2023-05-29 14:53:52,363 [INFO] ThirdParty:1030 - CMSIS Pack Vendor :STMicroelectronics FreeRTOS 0.0.1
2023-05-29 14:53:52,363 [INFO] ThirdParty:1030 - CMSIS Pack Vendor :emotas I-CUBE-CANOPEN 1.1.3
2023-05-29 14:53:52,363 [INFO] ThirdParty:1030 - CMSIS Pack Vendor :STMicroelectronics X-CUBE-AZRTOS-G0 1.1.0
2023-05-29 14:53:52,363 [INFO] ThirdParty:1030 - CMSIS Pack Vendor :STMicroelectronics X-CUBE-BLEMGR 2.0.0
2023-05-29 14:53:52,363 [INFO] ThirdParty:1030 - CMSIS Pack Vendor :STMicroelectronics X-CUBE-AI 8.0.1
2023-05-29 14:53:52,363 [INFO] ThirdParty:1030 - CMSIS Pack Vendor :STMicroelectronics X-CUBE-SUBG2 5.0.0
2023-05-29 14:53:52,363 [INFO] ThirdParty:1030 - CMSIS Pack Vendor :STMicroelectronics X-CUBE-NFC4 3.0.0
2023-05-29 14:53:52,378 [INFO] ThirdParty:1030 - CMSIS Pack Vendor :STMicroelectronics STM32_WPAN 1.0.0
2023-05-29 14:53:52,378 [INFO] ThirdParty:1030 - CMSIS Pack Vendor :STMicroelectronics lwIP 2.0.3
2023-05-29 14:53:52,378 [INFO] ThirdParty:1030 - CMSIS Pack Vendor :STMicroelectronics USB_HOST 1.0.0
2023-05-29 14:53:52,378 [INFO] ThirdParty:1030 - CMSIS Pack Vendor :STMicroelectronics X-CUBE-AZRTOS-G4 2.0.0
2023-05-29 14:53:52,378 [INFO] ThirdParty:1030 - CMSIS Pack Vendor :STMicroelectronics PDM2PCM 3.1.0
2023-05-29 14:53:52,378 [INFO] ThirdParty:1030 - CMSIS Pack Vendor :STMicroelectronics X-CUBE-AZRTOS-H7 3.1.0
2023-05-29 14:53:52,378 [INFO] ThirdParty:1030 - CMSIS Pack Vendor :STMicroelectronics X-CUBE-TOF1 3.3.0
2023-05-29 14:53:52,378 [INFO] ThirdParty:1030 - CMSIS Pack Vendor :STMicroelectronics FP-ATR-ASTRA1 1.1.1
2023-05-29 14:53:52,378 [INFO] ThirdParty:1030 - CMSIS Pack Vendor :STMicroelectronics PDM2PCM 3.3.0
2023-05-29 14:53:52,378 [INFO] ThirdParty:1030 - CMSIS Pack Vendor :STMicroelectronics X-CUBE-DISPLAY 3.0.0
2023-05-29 14:53:52,378 [INFO] ThirdParty:1030 - CMSIS Pack Vendor :STMicroelectronics X-CUBE-AZRTOS-G4 1.0.0
2023-05-29 14:53:52,378 [INFO] ThirdParty:1030 - CMSIS Pack Vendor :STMicroelectronics FP-ATR-SIGFOX1 3.2.0
2023-05-29 14:53:52,378 [INFO] ThirdParty:1030 - CMSIS Pack Vendor :STMicroelectronics X-CUBE-AZRTOS-L4 1.0.0
2023-05-29 14:53:52,378 [INFO] ThirdParty:1030 - CMSIS Pack Vendor :STMicroelectronics HAL Drivers 0.0.0
2023-05-29 14:53:52,378 [INFO] ThirdParty:1030 - CMSIS Pack Vendor :STMicroelectronics MBEDTLS 2.16.2
2023-05-29 14:53:52,378 [INFO] ThirdParty:1030 - CMSIS Pack Vendor :STMicroelectronics MBEDTLS 2.14.1
2023-05-29 14:53:52,378 [INFO] ThirdParty:1030 - CMSIS Pack Vendor :STMicroelectronics X-CUBE-NFC7 1.0.0
2023-05-29 14:53:52,378 [INFO] ThirdParty:1030 - CMSIS Pack Vendor :STMicroelectronics X-CUBE-AZRTOS-WL 1.0.0
2023-05-29 14:53:52,378 [INFO] ThirdParty:1030 - CMSIS Pack Vendor :STMicroelectronics X-CUBE-EEPRMA1 4.1.0
2023-05-29 14:53:52,378 [INFO] ThirdParty:1030 - CMSIS Pack Vendor :portGmbH I-Cube-SoM-uGOAL 1.1.0
2023-05-29 14:53:52,378 [INFO] ThirdParty:1030 - CMSIS Pack Vendor :STMicroelectronics X-CUBE-ALS 1.0.1
2023-05-29 14:53:52,378 [INFO] ThirdParty:1030 - CMSIS Pack Vendor :STMicroelectronics X-CUBE-MEMS1 9.5.0
2023-05-29 14:53:52,384 [INFO] ThirdParty:1030 - CMSIS Pack Vendor :STMicroelectronics ThreadX 1.0.0
2023-05-29 14:53:52,384 [INFO] ThirdParty:1030 - CMSIS Pack Vendor :STMicroelectronics X-CUBE-AZRTOS-WB 1.1.0
2023-05-29 14:53:52,384 [INFO] ThirdParty:1030 - CMSIS Pack Vendor :SEGGER I-CUBE-embOS 1.3.1
2023-05-29 14:53:52,384 [INFO] ThirdParty:1030 - CMSIS Pack Vendor :STMicroelectronics USB_DEVICE 1.0.0
2023-05-29 14:53:52,384 [INFO] ThirdParty:1030 - CMSIS Pack Vendor :STMicroelectronics X-CUBE-AZRTOS-L4 2.0.0
2023-05-29 14:53:52,384 [INFO] ThirdParty:1030 - CMSIS Pack Vendor :STMicroelectronics ThreadX 0.0.2
2023-05-29 14:53:52,384 [INFO] ThirdParty:1030 - CMSIS Pack Vendor :WES I-CUBE-Cesium 1.3.0
2023-05-29 14:53:52,384 [INFO] ThirdParty:1030 - CMSIS Pack Vendor :STMicroelectronics FP-ATR-ASTRA1 2.0.0
2023-05-29 14:53:52,384 [INFO] ThirdParty:1030 - CMSIS Pack Vendor :STMicroelectronics lwIP 2.1.2
2023-05-29 14:53:52,384 [INFO] ThirdParty:1030 - CMSIS Pack Vendor :STMicroelectronics X-CUBE-SFXS2LP1 4.0.0
2023-05-29 14:53:52,384 [INFO] ThirdParty:1030 - CMSIS Pack Vendor :STMicroelectronics X-CUBE-BLE2 3.3.0
2023-05-29 14:53:52,384 [INFO] ThirdParty:1030 - CMSIS Pack Vendor :STMicroelectronics PDM2PCM 3.2.0
2023-05-29 14:53:52,384 [INFO] ThirdParty:1030 - CMSIS Pack Vendor :STMicroelectronics X-CUBE-AZRTOS-H7 3.0.0
2023-05-29 14:53:52,384 [INFO] ThirdParty:841 - exiting critical section [change project]
2023-05-29 14:53:53,935 [INFO] PinOutPanel:1499 - setPackage(No Configuration,No Configuration)
2023-05-29 14:53:53,942 [INFO] PinOutPanel:1499 - setPackage(STM32L476RGTx,LQFP64)
2023-05-29 14:53:55,386 [INFO] UtilMem:75 - Before build in PCC Used Memory: 521926680 Bytes (923795456)
2023-05-29 14:53:57,261 [INFO] UtilMem:75 - After build in PCC Used Memory: 733739032 Bytes (923795456)
2023-05-29 14:53:57,524 [INFO] ApiDbMcu:507 - Load IP Config File for USB_DEVICE
2023-05-29 14:53:57,595 [INFO] IPUIPlugin:80 - create IPUIPlugin
2023-05-29 14:53:57,595 [INFO] IPUIPlugin:80 - create IPUIPlugin
2023-05-29 14:53:57,596 [INFO] IPUIPlugin:80 - create IPUIPlugin
2023-05-29 14:53:57,596 [INFO] IPUIPlugin:80 - create IPUIPlugin
2023-05-29 14:53:57,596 [INFO] IPUIPlugin:80 - create IPUIPlugin
2023-05-29 14:53:57,596 [INFO] IPUIPlugin:80 - create IPUIPlugin
2023-05-29 14:53:57,596 [INFO] IPUIPlugin:80 - create IPUIPlugin
2023-05-29 14:53:57,596 [INFO] IPUIPlugin:80 - create IPUIPlugin
2023-05-29 14:53:57,596 [INFO] IPUIPlugin:80 - create IPUIPlugin
2023-05-29 14:53:57,596 [INFO] IPUIPlugin:80 - create IPUIPlugin
2023-05-29 14:53:57,596 [INFO] IPUIPlugin:80 - create IPUIPlugin
2023-05-29 14:53:57,596 [INFO] IPUIPlugin:80 - create IPUIPlugin
2023-05-29 14:53:57,596 [INFO] IPUIPlugin:80 - create IPUIPlugin
2023-05-29 14:53:57,596 [INFO] IPUIPlugin:80 - create IPUIPlugin
2023-05-29 14:53:57,596 [INFO] IPUIPlugin:80 - create IPUIPlugin
2023-05-29 14:53:57,596 [INFO] IPUIPlugin:80 - create IPUIPlugin
2023-05-29 14:53:57,600 [INFO] IPUIPlugin:80 - create IPUIPlugin
2023-05-29 14:53:57,600 [INFO] IPUIPlugin:80 - create IPUIPlugin
2023-05-29 14:53:57,600 [INFO] IPUIPlugin:80 - create IPUIPlugin
2023-05-29 14:53:57,600 [INFO] IPUIPlugin:80 - create IPUIPlugin
2023-05-29 14:53:57,600 [INFO] IPUIPlugin:80 - create IPUIPlugin
2023-05-29 14:53:57,602 [INFO] IPUIPlugin:80 - create IPUIPlugin
2023-05-29 14:53:57,602 [INFO] IPUIPlugin:80 - create IPUIPlugin
2023-05-29 14:53:57,604 [INFO] IPUIPlugin:80 - create IPUIPlugin
2023-05-29 14:53:57,604 [INFO] IPUIPlugin:80 - create IPUIPlugin
2023-05-29 14:53:57,604 [INFO] IPUIPlugin:80 - create IPUIPlugin
2023-05-29 14:53:57,604 [INFO] IPUIPlugin:80 - create IPUIPlugin
2023-05-29 14:53:57,604 [INFO] IPUIPlugin:80 - create IPUIPlugin
2023-05-29 14:53:57,604 [INFO] IPUIPlugin:80 - create IPUIPlugin
2023-05-29 14:53:57,604 [INFO] IPUIPlugin:80 - create IPUIPlugin
2023-05-29 14:53:57,604 [INFO] IPUIPlugin:80 - create IPUIPlugin
2023-05-29 14:53:57,604 [INFO] IPUIPlugin:80 - create IPUIPlugin
2023-05-29 14:53:57,604 [INFO] IPUIPlugin:80 - create IPUIPlugin
2023-05-29 14:53:57,604 [INFO] IPUIPlugin:80 - create IPUIPlugin
2023-05-29 14:53:57,604 [INFO] IPUIPlugin:80 - create IPUIPlugin
2023-05-29 14:53:57,604 [INFO] IPUIPlugin:80 - create IPUIPlugin
2023-05-29 14:53:57,604 [INFO] IPUIPlugin:80 - create IPUIPlugin
2023-05-29 14:53:57,604 [INFO] IPUIPlugin:80 - create IPUIPlugin
2023-05-29 14:53:57,604 [INFO] IPUIPlugin:80 - create IPUIPlugin
2023-05-29 14:53:57,604 [INFO] IPUIPlugin:80 - create IPUIPlugin
2023-05-29 14:53:57,604 [INFO] IPUIPlugin:80 - create IPUIPlugin
2023-05-29 14:53:57,604 [INFO] IPUIPlugin:80 - create IPUIPlugin
2023-05-29 14:53:57,604 [INFO] IPUIPlugin:80 - create IPUIPlugin
2023-05-29 14:53:57,604 [INFO] IPUIPlugin:80 - create IPUIPlugin
2023-05-29 14:53:57,604 [INFO] IPUIPlugin:80 - create IPUIPlugin
2023-05-29 14:53:57,604 [INFO] IPUIPlugin:80 - create IPUIPlugin
2023-05-29 14:53:57,604 [INFO] IPUIPlugin:80 - create IPUIPlugin
2023-05-29 14:53:57,604 [INFO] IPUIPlugin:80 - create IPUIPlugin
2023-05-29 14:53:57,604 [INFO] IPUIPlugin:80 - create IPUIPlugin
2023-05-29 14:53:57,604 [INFO] IPUIPlugin:80 - create IPUIPlugin
2023-05-29 14:53:57,618 [INFO] IPUIPlugin:80 - create IPUIPlugin
2023-05-29 14:53:57,618 [INFO] IPUIPlugin:80 - create IPUIPlugin
2023-05-29 14:53:57,618 [INFO] IPUIPlugin:80 - create IPUIPlugin
2023-05-29 14:53:57,618 [INFO] IPUIPlugin:80 - create IPUIPlugin
2023-05-29 14:53:57,618 [INFO] IPUIPlugin:80 - create IPUIPlugin
2023-05-29 14:53:57,618 [INFO] IPUIPlugin:80 - create IPUIPlugin
2023-05-29 14:53:57,618 [INFO] IPUIPlugin:80 - create IPUIPlugin
2023-05-29 14:53:57,618 [INFO] IPUIPlugin:80 - create IPUIPlugin
2023-05-29 14:53:57,618 [INFO] IPUIPlugin:80 - create IPUIPlugin
2023-05-29 14:53:58,032 [INFO] CADModel:165 - CPN selected for project levelSTM32L476RGT3
2023-05-29 14:53:58,032 [INFO] CADModel:114 - Register for checkConnection events
2023-05-29 14:53:58,076 [INFO] OpenFileManager:328 - Restore cursor
